1622911042261	geckodriver	INFO	Listening on 127.0.0.1:61244
1622911042751	mozrunner::runner	INFO	Running command: "C:\\Program Files\\Mozilla Firefox\\firefox.exe" "--marionette" "-headless" "-foreground" "-no-remote" "-profile" "C:\\Users\\Baron\\AppData\\Local\\Temp\\rust_mozprofile5LosRb"
*** You are running in headless mode.
1622911043034	Marionette	INFO	Marionette enabled
console.warn: SearchSettings: "get: No settings file exists, new profile?" (new NotFoundError("Could not open the file at C:\\Users\\Baron\\AppData\\Local\\Temp\\rust_mozprofile5LosRb\\search.json.mozlz4", (void 0)))
1622911043899	Marionette	INFO	Listening on port 61250
1622911044311	Marionette	WARN	TLS certificate errors will be ignored for this session
JavaScript warning: https://mc.yandex.ru/metrika/watch.js, line 112: Failed to create WebGL context: WebGL creation failed: 
* Can't use WebGL in headless mode (https://bugzil.la/1375585). ()
JavaScript warning: https://mc.yandex.ru/metrika/watch.js, line 112: Failed to create WebGL context: WebGL creation failed: 
* Can't use WebGL in headless mode (https://bugzil.la/1375585). ()
1622911057297	Marionette	INFO	Stopped listening on port 61250
1622911151797	geckodriver	INFO	Listening on 127.0.0.1:61544
1622911152307	mozrunner::runner	INFO	Running command: "C:\\Program Files\\Mozilla Firefox\\firefox.exe" "--marionette" "-headless" "-foreground" "-no-remote" "-profile" "C:\\Users\\Baron\\AppData\\Local\\Temp\\rust_mozprofileeilQr1"
*** You are running in headless mode.
1622911152647	Marionette	INFO	Marionette enabled
console.warn: SearchSettings: "get: No settings file exists, new profile?" (new NotFoundError("Could not open the file at C:\\Users\\Baron\\AppData\\Local\\Temp\\rust_mozprofileeilQr1\\search.json.mozlz4", (void 0)))
1622911153595	Marionette	INFO	Listening on port 61550
1622911153931	Marionette	WARN	TLS certificate errors will be ignored for this session
JavaScript warning: https://mc.yandex.ru/metrika/watch.js, line 112: Failed to create WebGL context: WebGL creation failed: 
* Can't use WebGL in headless mode (https://bugzil.la/1375585). ()
JavaScript warning: https://mc.yandex.ru/metrika/watch.js, line 112: Failed to create WebGL context: WebGL creation failed: 
* Can't use WebGL in headless mode (https://bugzil.la/1375585). ()
1622911165604	Marionette	INFO	Stopped listening on port 61550
1622912354053	geckodriver	INFO	Listening on 127.0.0.1:65143
1622912354546	mozrunner::runner	INFO	Running command: "C:\\Program Files\\Mozilla Firefox\\firefox.exe" "--marionette" "-headless" "-foreground" "-no-remote" "-profile" "C:\\Users\\Baron\\AppData\\Local\\Temp\\rust_mozprofileSw4JVJ"
*** You are running in headless mode.
1622912354889	Marionette	INFO	Marionette enabled
console.warn: SearchSettings: "get: No settings file exists, new profile?" (new NotFoundError("Could not open the file at C:\\Users\\Baron\\AppData\\Local\\Temp\\rust_mozprofileSw4JVJ\\search.json.mozlz4", (void 0)))
1622912355759	Marionette	INFO	Listening on port 65152
1622912356170	Marionette	WARN	TLS certificate errors will be ignored for this session
JavaScript warning: https://mc.yandex.ru/metrika/watch.js, line 112: Failed to create WebGL context: WebGL creation failed: 
* Can't use WebGL in headless mode (https://bugzil.la/1375585). ()
JavaScript warning: https://mc.yandex.ru/metrika/watch.js, line 112: Failed to create WebGL context: WebGL creation failed: 
* Can't use WebGL in headless mode (https://bugzil.la/1375585). ()
1622912367396	Marionette	INFO	Stopped listening on port 65152

###!!! [Child][MessageChannel] Error: (msgtype=0xAB0006,name=PWebSocket::Msg_DeleteSelf) Channel closing: too late to send/recv, messages will be lost


###!!! [Child][MessageChannel] Error: (msgtype=0x390141,name=PContent::Msg_ScriptError) Channel closing: too late to send/recv, messages will be lost


###!!! [Child][MessageChannel] Error: (msgtype=0xAB0006,name=PWebSocket::Msg_DeleteSelf) Channel closing: too late to send/recv, messages will be lost


###!!! [Child][MessageChannel] Error: (msgtype=0x390141,name=PContent::Msg_ScriptError) Channel closing: too late to send/recv, messages will be lost


###!!! [Child][MessageChannel] Error: (msgtype=0xAB0006,name=PWebSocket::Msg_DeleteSelf) Channel closing: too late to send/recv, messages will be lost

1622913789894	geckodriver	INFO	Listening on 127.0.0.1:53639
1622913790416	mozrunner::runner	INFO	Running command: "C:\\Program Files\\Mozilla Firefox\\firefox.exe" "--marionette" "-headless" "-foreground" "-no-remote" "-profile" "C:\\Users\\Baron\\AppData\\Local\\Temp\\rust_mozprofileOPWLCM"
*** You are running in headless mode.
1622913790698	Marionette	INFO	Marionette enabled
console.warn: SearchSettings: "get: No settings file exists, new profile?" (new NotFoundError("Could not open the file at C:\\Users\\Baron\\AppData\\Local\\Temp\\rust_mozprofileOPWLCM\\search.json.mozlz4", (void 0)))
1622913791678	Marionette	INFO	Listening on port 53645
1622913791969	Marionette	WARN	TLS certificate errors will be ignored for this session
JavaScript warning: https://mc.yandex.ru/metrika/watch.js, line 112: Failed to create WebGL context: WebGL creation failed: 
* Can't use WebGL in headless mode (https://bugzil.la/1375585). ()
JavaScript warning: https://mc.yandex.ru/metrika/watch.js, line 112: Failed to create WebGL context: WebGL creation failed: 
* Can't use WebGL in headless mode (https://bugzil.la/1375585). ()
1622913803122	Marionette	INFO	Stopped listening on port 53645

###!!! [Child][MessageChannel] Error: (msgtype=0xAB0006,name=PWebSocket::Msg_DeleteSelf) Channel closing: too late to send/recv, messages will be lost


###!!! [Child][MessageChannel] Error: (msgtype=0x390141,name=PContent::Msg_ScriptError) Channel closing: too late to send/recv, messages will be lost


###!!! [Child][MessageChannel] Error: (msgtype=0xAB0006,name=PWebSocket::Msg_DeleteSelf) Channel closing: too late to send/recv, messages will be lost


###!!! [Child][MessageChannel] Error: (msgtype=0x390141,name=PContent::Msg_ScriptError) Channel closing: too late to send/recv, messages will be lost


###!!! [Child][MessageChannel] Error: (msgtype=0xAB0006,name=PWebSocket::Msg_DeleteSelf) Channel closing: too late to send/recv, messages will be lost

1622976600877	geckodriver	INFO	Listening on 127.0.0.1:61168
1622976601400	mozrunner::runner	INFO	Running command: "C:\\Program Files\\Mozilla Firefox\\firefox.exe" "--marionette" "-headless" "-foreground" "-no-remote" "-profile" "C:\\Users\\Baron\\AppData\\Local\\Temp\\rust_mozprofileLgv0ms"
*** You are running in headless mode.
1622976601914	Marionette	INFO	Marionette enabled
console.warn: SearchSettings: "get: No settings file exists, new profile?" (new NotFoundError("Could not open the file at C:\\Users\\Baron\\AppData\\Local\\Temp\\rust_mozprofileLgv0ms\\search.json.mozlz4", (void 0)))
1622976603179	Marionette	INFO	Listening on port 61174
1622976603566	Marionette	WARN	TLS certificate errors will be ignored for this session
JavaScript warning: https://mc.yandex.ru/metrika/watch.js, line 112: Failed to create WebGL context: WebGL creation failed: 
* Can't use WebGL in headless mode (https://bugzil.la/1375585). ()
JavaScript warning: https://mc.yandex.ru/metrika/watch.js, line 112: Failed to create WebGL context: WebGL creation failed: 
* Can't use WebGL in headless mode (https://bugzil.la/1375585). ()
JavaScript error: , line 0: uncaught exception: Timeout
1623063632209	addons.xpi	ERROR	System addon update list error Error: Failed downloading XML, status: 0, reason: error
JavaScript error: , line 0: NS_ERROR_NOT_AVAILABLE
Exiting due to channel error.
Exiting due to channel error.
1633961253145	geckodriver	INFO	Listening on 127.0.0.1:61291
1633961255894	mozrunner::runner	INFO	Running command: "C:\\Program Files\\Mozilla Firefox\\firefox.exe" "--marionette" "-headless" "-foreground" "-no-remote" "-profile" "C:\\Users\\73B5~1\\AppData\\Local\\Temp\\rust_mozprofileOGnhvf"
*** You are running in headless mode.
1633961256451	Marionette	INFO	Marionette enabled
[GFX1-]: RenderCompositorSWGL failed mapping default framebuffer, no dt
console.warn: SearchSettings: "get: No settings file exists, new profile?" (new NotFoundError("Could not open the file at C:\\Users\\\u041F\u043E\u043B\u044C\u0437\u043E\u0432\u0430\u0442\u0435\u043B\u044C\\AppData\\Local\\Temp\\rust_mozprofileOGnhvf\\search.json.mozlz4", (void 0)))
1633961260420	Marionette	INFO	Listening on port 61299
1633961260806	RemoteAgent	WARN	TLS certificate errors will be ignored for this session
console.log: WebExtensions: reset-default-search: starting.
console.log: WebExtensions: reset-default-search: No addons in our list are installed.
\\firefox.exe" "--marionette" "-headless" "-foreground" "-no-remote" "-profile" "C:\\Users\\73B5~1\\AppData\\Local\\Temp\\rust_mozprofileT57Z8d"
*** You are running in headless mode.
1633961349397	Marionette	INFO	Marionette enabled
[GFX1-]: RenderCompositorSWGL failed mapping default framebuffer, no dt
console.warn: SearchSettings: "get: No settings file exists, new profile?" (new NotFoundError("Could not open the file at C:\\Users\\\u041F\u043E\u043B\u044C\u0437\u043E\u0432\u0430\u0442\u0435\u043B\u044C\\AppData\\Local\\Temp\\rust_mozprofileT57Z8d\\search.json.mozlz4", (void 0)))
1633961353250	Marionette	INFO	Listening on port 62117
1633961353761	RemoteAgent	WARN	TLS certificate errors will be ignored for this session
console.log: WebExtensions: reset-default-search: starting.
console.log: WebExtensions: reset-default-search: No addons in our list are installed.
\\firefox.exe" "--marionette" "-headless" "-foreground" "-no-remote" "-profile" "C:\\Users\\73B5~1\\AppData\\Local\\Temp\\rust_mozprofile1EXpkF"
*** You are running in headless mode.
1633961380289	Marionette	INFO	Marionette enabled
[GFX1-]: RenderCompositorSWGL failed mapping default framebuffer, no dt
console.warn: SearchSettings: "get: No settings file exists, new profile?" (new NotFoundError("Could not open the file at C:\\Users\\\u041F\u043E\u043B\u044C\u0437\u043E\u0432\u0430\u0442\u0435\u043B\u044C\\AppData\\Local\\Temp\\rust_mozprofile1EXpkF\\search.json.mozlz4", (void 0)))
1633961383437	Marionette	INFO	Listening on port 54416
1633961383951	RemoteAgent	WARN	TLS certificate errors will be ignored for this session
console.log: WebExtensions: reset-default-search: starting.
console.log: WebExtensions: reset-default-search: No addons in our list are installed.
\\firefox.exe" "--marionette" "-headless" "-foreground" "-no-remote" "-profile" "C:\\Users\\73B5~1\\AppData\\Local\\Temp\\rust_mozprofile5TQ3gG"
*** You are running in headless mode.
1633961644577	Marionette	INFO	Marionette enabled
[GFX1-]: RenderCompositorSWGL failed mapping default framebuffer, no dt
console.warn: SearchSettings: "get: No settings file exists, new profile?" (new NotFoundError("Could not open the file at C:\\Users\\\u041F\u043E\u043B\u044C\u0437\u043E\u0432\u0430\u0442\u0435\u043B\u044C\\AppData\\Local\\Temp\\rust_mozprofile5TQ3gG\\search.json.mozlz4", (void 0)))
1633961648641	Marionette	INFO	Listening on port 52476
1633961648980	RemoteAgent	WARN	TLS certificate errors will be ignored for this session
console.log: WebExtensions: reset-default-search: starting.
console.log: WebExtensions: reset-default-search: No addons in our list are installed.
\\firefox.exe" "--marionette" "-headless" "-no-remote" "-profile" "C:\\Users\\73B5~1\\AppData\\Local\\Temp\\rust_mozprofile6NyxzT"
*** You are running in headless mode.
1633961802533	Marionette	INFO	Marionette enabled
[GFX1-]: RenderCompositorSWGL failed mapping default framebuffer, no dt
console.warn: SearchSettings: "get: No settings file exists, new profile?" (new NotFoundError("Could not open the file at C:\\Users\\\u041F\u043E\u043B\u044C\u0437\u043E\u0432\u0430\u0442\u0435\u043B\u044C\\AppData\\Local\\Temp\\rust_mozprofile6NyxzT\\search.json.mozlz4", (void 0)))
1633961805701	Marionette	INFO	Listening on port 61151
1633961805732	RemoteAgent	WARN	TLS certificate errors will be ignored for this session
console.log: WebExtensions: reset-default-search: starting.
console.log: WebExtensions: reset-default-search: No addons in our list are installed.
\\firefox.exe" "--marionette" "-no-remote" "-profile" "C:\\Users\\73B5~1\\AppData\\Local\\Temp\\rust_mozprofileW71a9u"
1633961830068	Marionette	INFO	Marionette enabled
console.warn: SearchSettings: "get: No settings file exists, new profile?" (new NotFoundError("Could not open the file at C:\\Users\\\u041F\u043E\u043B\u044C\u0437\u043E\u0432\u0430\u0442\u0435\u043B\u044C\\AppData\\Local\\Temp\\rust_mozprofileW71a9u\\search.json.mozlz4", (void 0)))
1633961835032	Marionette	INFO	Listening on port 60055
1633961835482	RemoteAgent	WARN	TLS certificate errors will be ignored for this session
1633961844091	Marionette	INFO	Stopped listening on port 60055
JavaScript error: resource:///modules/Interactions.jsm, line 201: NS_ERROR_FAILURE: Component returned failure code: 0x80004005 (NS_ERROR_FAILURE) [nsIUserIdleService.removeIdleObserver]
console.warn: TopSitesFeed: Failed to fetch data from Contile server: NetworkError when attempting to fetch resource.
1633961947964	geckodriver	INFO	Listening on 127.0.0.1:55153
1633961950988	mozrunner::runner	INFO	Running command: "C:\\Program Files\\Mozilla Firefox\\firefox.exe" "--marionette" "-no-remote" "-profile" "C:\\Users\\73B5~1\\AppData\\Local\\Temp\\rust_mozprofile7Qi2Ww"
1633961951681	Marionette	INFO	Marionette enabled
console.warn: SearchSettings: "get: No settings file exists, new profile?" (new NotFoundError("Could not open the file at C:\\Users\\\u041F\u043E\u043B\u044C\u0437\u043E\u0432\u0430\u0442\u0435\u043B\u044C\\AppData\\Local\\Temp\\rust_mozprofile7Qi2Ww\\search.json.mozlz4", (void 0)))
1633961956199	Marionette	INFO	Listening on port 55161
1633961956407	RemoteAgent	WARN	TLS certificate errors will be ignored for this session
1633961963258	Marionette	INFO	Stopped listening on port 55161
JavaScript error: resource:///modules/Interactions.jsm, line 201: NS_ERROR_FAILURE: Component returned failure code: 0x80004005 (NS_ERROR_FAILURE) [nsIUserIdleService.removeIdleObserver]
console.warn: TopSitesFeed: Failed to fetch data from Contile server: NetworkError when attempting to fetch resource.
1633962098178	geckodriver	INFO	Listening on 127.0.0.1:60074
1633962101202	mozrunner::runner	INFO	Running command: "C:\\Program Files\\Mozilla Firefox\\firefox.exe" "--marionette" "-no-remote" "-profile" "C:\\Users\\73B5~1\\AppData\\Local\\Temp\\rust_mozprofileDrLNXG"
1633962101912	Marionette	INFO	Marionette enabled
console.warn: SearchSettings: "get: No settings file exists, new profile?" (new NotFoundError("Could not open the file at C:\\Users\\\u041F\u043E\u043B\u044C\u0437\u043E\u0432\u0430\u0442\u0435\u043B\u044C\\AppData\\Local\\Temp\\rust_mozprofileDrLNXG\\search.json.mozlz4", (void 0)))
1633962107888	Marionette	INFO	Listening on port 60082
1633962108323	RemoteAgent	WARN	TLS certificate errors will be ignored for this session
1633962120710	Marionette	INFO	Stopped listening on port 60082
JavaScript error: resource:///modules/Interactions.jsm, line 201: NS_ERROR_FAILURE: Component returned failure code: 0x80004005 (NS_ERROR_FAILURE) [nsIUserIdleService.removeIdleObserver]
console.warn: TopSitesFeed: Failed to fetch data from Contile server: NetworkError when attempting to fetch resource.

###!!! [Parent][RunMessage] Error: Channel closing: too late to send/recv, messages will be lost

1633962157109	geckodriver	INFO	Listening on 127.0.0.1:49354
1633962160136	mozrunner::runner	INFO	Running command: "C:\\Program Files\\Mozilla Firefox\\firefox.exe" "--marionette" "-headless" "-no-remote" "-profile" "C:\\Users\\73B5~1\\AppData\\Local\\Temp\\rust_mozprofilecHII3o"
*** You are running in headless mode.
1633962160684	Marionette	INFO	Marionette enabled
[GFX1-]: RenderCompositorSWGL failed mapping default framebuffer, no dt
console.warn: SearchSettings: "get: No settings file exists, new profile?" (new NotFoundError("Could not open the file at C:\\Users\\\u041F\u043E\u043B\u044C\u0437\u043E\u0432\u0430\u0442\u0435\u043B\u044C\\AppData\\Local\\Temp\\rust_mozprofilecHII3o\\search.json.mozlz4", (void 0)))
1633962164247	Marionette	INFO	Listening on port 49362
1633962164454	RemoteAgent	WARN	TLS certificate errors will be ignored for this session
console.log: WebExtensions: reset-default-search: starting.
console.log: WebExtensions: reset-default-search: No addons in our list are installed.
\\firefox.exe" "--marionette" "-headless" "-no-remote" "-profile" "C:\\Users\\73B5~1\\AppData\\Local\\Temp\\rust_mozprofileLmGOE8"
*** You are running in headless mode.
1633962315691	Marionette	INFO	Marionette enabled
[GFX1-]: RenderCompositorSWGL failed mapping default framebuffer, no dt
console.warn: SearchSettings: "get: No settings file exists, new profile?" (new NotFoundError("Could not open the file at C:\\Users\\\u041F\u043E\u043B\u044C\u0437\u043E\u0432\u0430\u0442\u0435\u043B\u044C\\AppData\\Local\\Temp\\rust_mozprofileLmGOE8\\search.json.mozlz4", (void 0)))
1633962319980	Marionette	INFO	Listening on port 52320
1633962320078	RemoteAgent	WARN	TLS certificate errors will be ignored for this session
console.log: WebExtensions: reset-default-search: starting.
console.log: WebExtensions: reset-default-search: No addons in our list are installed.
\\firefox.exe" "--marionette" "-headless" "-no-remote" "-profile" "C:\\Users\\73B5~1\\AppData\\Local\\Temp\\rust_mozprofile8vRGGW"
*** You are running in headless mode.
1633962340947	Marionette	INFO	Marionette enabled
[GFX1-]: RenderCompositorSWGL failed mapping default framebuffer, no dt
console.warn: SearchSettings: "get: No settings file exists, new profile?" (new NotFoundError("Could not open the file at C:\\Users\\\u041F\u043E\u043B\u044C\u0437\u043E\u0432\u0430\u0442\u0435\u043B\u044C\\AppData\\Local\\Temp\\rust_mozprofile8vRGGW\\search.json.mozlz4", (void 0)))
1633962344877	Marionette	INFO	Listening on port 52648
1633962345161	RemoteAgent	WARN	TLS certificate errors will be ignored for this session
console.log: WebExtensions: reset-default-search: starting.
console.log: WebExtensions: reset-default-search: No addons in our list are installed.
\\firefox.exe" "--marionette" "-headless" "-no-remote" "-profile" "C:\\Users\\73B5~1\\AppData\\Local\\Temp\\rust_mozprofile2TjRiy"
*** You are running in headless mode.
1633962721108	Marionette	INFO	Marionette enabled
[GFX1-]: RenderCompositorSWGL failed mapping default framebuffer, no dt
console.warn: SearchSettings: "get: No settings file exists, new profile?" (new NotFoundError("Could not open the file at C:\\Users\\\u041F\u043E\u043B\u044C\u0437\u043E\u0432\u0430\u0442\u0435\u043B\u044C\\AppData\\Local\\Temp\\rust_mozprofile2TjRiy\\search.json.mozlz4", (void 0)))
1633962724990	Marionette	INFO	Listening on port 65419
1633962725044	RemoteAgent	WARN	TLS certificate errors will be ignored for this session
console.log: WebExtensions: reset-default-search: starting.
console.log: WebExtensions: reset-default-search: No addons in our list are installed.
\\firefox.exe" "--marionette" "-no-remote" "-profile" "C:\\Users\\73B5~1\\AppData\\Local\\Temp\\rust_mozprofileMzO0ZT"
1633962914514	Marionette	INFO	Marionette enabled
console.warn: SearchSettings: "get: No settings file exists, new profile?" (new NotFoundError("Could not open the file at C:\\Users\\\u041F\u043E\u043B\u044C\u0437\u043E\u0432\u0430\u0442\u0435\u043B\u044C\\AppData\\Local\\Temp\\rust_mozprofileMzO0ZT\\search.json.mozlz4", (void 0)))
1633962919159	Marionette	INFO	Listening on port 60466
1633962919577	RemoteAgent	WARN	TLS certificate errors will be ignored for this session
1633962921769	Marionette	INFO	Stopped listening on port 60466
JavaScript error: , line 0: NotFoundError: No such JSWindowActor 'MarionetteEvents'
JavaScript error: resource://activity-stream/lib/ActivityStreamPrefs.jsm, line 27: NS_ERROR_ILLEGAL_VALUE: Component returned failure code: 0x80070057 (NS_ERROR_ILLEGAL_VALUE) [nsIPrefBranch.removeObserver]
JavaScript error: , line 0: NotFoundError: No such JSWindowActor 'MarionetteEvents'
JavaScript error: , line 0: NotFoundError: No such JSWindowActor 'MarionetteEvents'
JavaScript error: , line 0: NotFoundError: No such JSWindowActor 'MarionetteEvents'
JavaScript error: , line 0: NotFoundError: No such JSWindowActor 'MarionetteEvents'
JavaScript error: resource:///modules/Interactions.jsm, line 201: NS_ERROR_FAILURE: Component returned failure code: 0x80004005 (NS_ERROR_FAILURE) [nsIUserIdleService.removeIdleObserver]
[Parent 6048, IPC I/O Parent] WARNING: file /builds/worker/checkouts/gecko/ipc/chromium/src/base/process_util_win.cc:167
console.warn: TopSitesFeed: Failed to fetch data from Contile server: NetworkError when attempting to fetch resource.
JavaScript error: resource://gre/modules/ExtensionSettingsStore.jsm, line 122: Error: The ExtensionSettingsStore was accessed before the initialize promise resolved.
console.log: "RemoteSettingsWorker error: Error: Can't import when we've started shutting down."
JavaScript error: resource://gre/modules/JSONFile.jsm, line 186: Error: Data is not ready.
console.log: "RemoteSettingsWorker error: Error: Can't import when we've started shutting down."
console.log: "RemoteSettingsWorker error: Error: Can't import when we've started shutting down."
console.log: "RemoteSettingsWorker error: Error: Can't import when we've started shutting down."
console.log: "RemoteSettingsWorker error: Error: Can't import when we've started shutting down."
console.log: "RemoteSettingsWorker error: Error: Can't import when we've started shutting down."
console.error: "Could not load engine google@search.mozilla.org: [Exception... \"AddonManager is not initialized\"  nsresult: \"0xc1f30001 (NS_ERROR_NOT_INITIALIZED)\"  location: \"JS frame :: resource://gre/modules/AddonManager.jsm :: installBuiltinAddon :: line 2526\"  data: no]"
console.error: "Could not load engine wikipedia@search.mozilla.org: [Exception... \"AddonManager is not initialized\"  nsresult: \"0xc1f30001 (NS_ERROR_NOT_INITIALIZED)\"  location: \"JS frame :: resource://gre/modules/AddonManager.jsm :: installBuiltinAddon :: line 2526\"  data: no]"
console.error: "Could not load engine yandex@search.mozilla.org: [Exception... \"AddonManager is not initialized\"  nsresult: \"0xc1f30001 (NS_ERROR_NOT_INITIALIZED)\"  location: \"JS frame :: resource://gre/modules/AddonManager.jsm :: installBuiltinAddon :: line 2526\"  data: no]"
console.error: "Could not load engine ddg@search.mozilla.org: [Exception... \"AddonManager is not initialized\"  nsresult: \"0xc1f30001 (NS_ERROR_NOT_INITIALIZED)\"  location: \"JS frame :: resource://gre/modules/AddonManager.jsm :: installBuiltinAddon :: line 2526\"  data: no]"
console.error: "Could not load engine priceru@search.mozilla.org: [Exception... \"AddonManager is not initialized\"  nsresult: \"0xc1f30001 (NS_ERROR_NOT_INITIALIZED)\"  location: \"JS frame :: resource://gre/modules/AddonManager.jsm :: installBuiltinAddon :: line 2526\"  data: no]"
console.error: "Could not load engine mailru@search.mozilla.org: [Exception... \"AddonManager is not initialized\"  nsresult: \"0xc1f30001 (NS_ERROR_NOT_INITIALIZED)\"  location: \"JS frame :: resource://gre/modules/AddonManager.jsm :: installBuiltinAddon :: line 2526\"  data: no]"
console.error: "Could not load engine ozonru@search.mozilla.org: [Exception... \"AddonManager is not initialized\"  nsresult: \"0xc1f30001 (NS_ERROR_NOT_INITIALIZED)\"  location: \"JS frame :: resource://gre/modules/AddonManager.jsm :: installBuiltinAddon :: line 2526\"  data: no]"
console.warn: SearchService: "_init: abandoning init due to shutting down"
JavaScript error: , line 0: uncaught exception: 2147500036
JavaScript error: , line 0: uncaught exception: 2147500036
JavaScript error: , line 0: uncaught exception: 2147500036
JavaScript error: , line 0: uncaught exception: 2147500036
JavaScript error: , line 0: uncaught exception: 2147500036
JavaScript error: resource://gre/modules/AsyncShutdown.jsm, line 718: Error: Phase "profile-before-change" is finished, it is too late to register completion condition "DoHController: clear state and remove observers"
JavaScript error: resource://gre/modules/CrashManager.jsm, line 829: AbortError: IOUtils: Shutting down and refusing additional I/O tasks
